\BOOKMARK [1][-]{section.1}{\376\377\000U\000v\000o\000d}{}% 1
\BOOKMARK [1][-]{section.2}{\376\377\000N\000a\000l\000o\000g\000a}{}% 2
\BOOKMARK [1][-]{section.3}{\376\377\000O\000p\000i\000s\000\040\000r\000e\001\141\000e\000v\000a\000n\000j\000a}{}% 3
\BOOKMARK [2][-]{subsection.3.1}{\376\377\000P\000u\000L\000P\000:\000\040\000b\000a\000s\000i\000c\000\040\000c\000o\000o\000k\000b\000o\000o\000k}{section.3}% 4
\BOOKMARK [1][-]{section.4}{\376\377\000R\000e\000z\000u\000l\000t\000a\000t\000i}{}% 5
\BOOKMARK [2][-]{subsection.4.1}{\376\377\000O\000s\000n\000o\000v\000n\000i\000\040\000m\000o\000d\000e\000l}{section.4}% 6
\BOOKMARK [2][-]{subsection.4.2}{\376\377\000O\000s\000n\000o\000v\000n\000i\000\040\000m\000o\000d\000e\000l\000\040\000b\000r\000e\000z\000\040\000o\000m\000e\000j\000i\000t\000v\000e\000\040\000m\000a\000s\000e}{section.4}% 7
\BOOKMARK [3][-]{subsubsection.4.2.1}{\376\377\000O\000s\000n\000o\000v\000n\000i\000\040\000m\000o\000d\000e\000l\000\040\000z\000\040\000o\000m\000e\000j\000i\000t\000v\000i\000j\000o\000\040\000m\000a\000s\000e}{subsection.4.2}% 8
\BOOKMARK [3][-]{subsubsection.4.2.2}{\376\377\000O\000s\000n\000o\000v\000n\000i\000\040\000m\000o\000d\000e\000l\000\040\000z\000\040\000o\000m\000e\000j\000i\000t\000v\000i\000j\000o\000\040\000m\000a\000s\000e\000\040\000i\000n\000\040\000d\000o\000d\000a\000t\000n\000i\000m\000i\000\040\000o\000m\000e\000j\000i\000t\000v\000a\000m\000i}{subsection.4.2}% 9
\BOOKMARK [2][-]{subsection.4.3}{\376\377\000D\000i\000e\000t\000a\000\040\000z\000\040\000m\000a\000n\000j\000\040\000m\000a\001\141\001\015\000o\000b\000a\000m\000i}{section.4}% 10
\BOOKMARK [3][-]{subsubsection.4.3.1}{\376\377\000D\000i\000e\000t\000a\000\040\000z\000\040\000m\000a\000n\000j\000\040\000m\000a\001\141\001\015\000o\000b\000a\000m\000i\000\040\000i\000n\000\040\000b\000r\000e\000z\000\040\000o\000m\000e\000j\000i\000t\000v\000i\000j\000e\000\040\000m\000a\000s\000e}{subsection.4.3}% 11
\BOOKMARK [3][-]{subsubsection.4.3.2}{\376\377\000D\000i\000e\000t\000a\000\040\000z\000\040\000m\000a\000n\000j\000\040\000m\000a\001\141\001\015\000o\000b\000a\000m\000i\000\040\000z\000\040\000d\000o\000d\000a\000t\000n\000i\000m\000i\000\040\000o\000m\000e\000j\000i\000t\000v\000a\000m\000i}{subsection.4.3}% 12
\BOOKMARK [3][-]{subsubsection.4.3.3}{\376\377\000D\000i\000e\000t\000a\000\040\000z\000\040\000m\000a\000n\000j\000\040\000m\000a\001\141\001\015\000o\000b\000a\000m\000i\000\040\000i\000n\000\040\000o\000m\000e\000j\000i\000t\000v\000i\000j\000o\000\040\000m\000a\000s\000e}{subsection.4.3}% 13
\BOOKMARK [3][-]{subsubsection.4.3.4}{\376\377\000D\000i\000e\000t\000a\000\040\000z\000\040\000m\000a\000n\000j\000\040\000m\000a\001\141\001\015\000p\000b\000a\000m\000i\000,\000\040\000o\000m\000e\000j\000i\000t\000v\000i\000j\000o\000\040\000m\000a\000s\000e\000\040\000i\000n\000\040\000d\000o\000d\000a\000t\000n\000i\000m\000i\000\040\000o\000m\000e\000j\000i\000t\000v\000a\000m\000i}{subsection.4.3}% 14
\BOOKMARK [2][-]{subsection.4.4}{\376\377\000O\000p\000m\000i\000z\000a\000c\000i\000j\000a\000\040\000c\000e\000n\000e}{section.4}% 15
\BOOKMARK [3][-]{subsubsection.4.4.1}{\376\377\001\014\000i\000m\000\040\000c\000e\000n\000e\000j\001\141\000a\000\040\000d\000i\000e\000t\000a\000,\000\040\000k\000i\000\040\000z\000a\000d\000o\000s\000t\000i\000\040\000o\000s\000n\000o\000v\000n\000i\000m\000\040\000p\000o\000t\000r\000e\000b\000a\000m}{subsection.4.4}% 16
\BOOKMARK [3][-]{subsubsection.4.4.2}{\376\377\001\014\000i\000m\000\040\000c\000e\000n\000e\000j\001\141\000a\000\040\000d\000i\000e\000t\000a\000,\000\040\000z\000\040\000d\000o\000d\000a\000t\000n\000i\000m\000i\000\040\000z\000a\000h\000t\000e\000v\000a\000m\000i}{subsection.4.4}% 17
\BOOKMARK [3][-]{subsubsection.4.4.3}{\376\377\001\014\000i\000m\000\040\000c\000e\000n\000e\000j\001\141\000a\000\040\000d\000i\000e\000t\000a\000,\000\040\000z\000\040\000d\000o\000d\000a\000t\000n\000i\000m\000i\000\040\000z\000a\000h\000t\000e\000v\000a\000m\000i\000\040\000i\000n\000\040\000o\000m\000e\000j\000i\000t\000v\000i\000j\000o\000\040\000k\000a\000l\000o\000r\000i\000j}{subsection.4.4}% 18
\BOOKMARK [3][-]{subsubsection.4.4.4}{\376\377\000N\000a\000m\000e\000n\000s\000k\000i\000\040\000b\000o\000n\000\040\000z\000a\000\040\0001\0005\000\040\000E\000U\000R}{subsection.4.4}% 19
\BOOKMARK [3][-]{subsubsection.4.4.5}{\376\377\000N\000a\000m\000e\000n\000s\000k\000i\000\040\000b\000o\000n\000\040\000z\000a\000\040\0001\0005\000\040\000E\000U\000R\000\040\000z\000\040\000d\000o\000d\000a\000t\000n\000i\000m\000i\000\040\000z\000a\000h\000t\000e\000v\000a\000m\000i\000\040\000i\000n\000\040\000o\000m\000e\000j\000i\000t\000v\000i\000j\000o\000\040\000m\000a\000s\000e}{subsection.4.4}% 20
\BOOKMARK [1][-]{section.5}{\376\377\000E\000x\000p\000a\000n\000d\000e\000d\000\040\000d\000a\000t\000a\000s\000e\000t}{}% 21
\BOOKMARK [2][-]{subsection.5.1}{\376\377\000P\000r\000e\000d\000p\000r\000o\000c\000e\000s\000i\000r\000a\000n\000j\000e\000\040\000p\000o\000d\000a\000t\000k\000o\000v}{section.5}% 22
\BOOKMARK [1][-]{section.6}{\376\377\000K\000o\000m\000e\000n\000t\000a\000r\000j\000i\000\040\000i\000n\000\040\000i\000z\000b\000o\000l\000j\001\141\000a\000v\000e}{}% 23
\BOOKMARK [1][-]{section*.16}{\376\377\000L\000i\000t\000e\000r\000a\000t\000u\000r\000a}{}% 24
